2020-12-26 17:42:32,906 [Worker-0: Loading available Gradle versions] INFO  o.e.b.c.i.u.g.PublishedGradleVersions - Gradle version information cache is out-of-date. Trying to update.
2020-12-26 17:43:25,668 [Worker-7: Update Maven projects configuration] INFO  o.e.m.c.i.p.ProjectConfigurationManager - Update started
2020-12-26 17:43:26,222 [DefaultMetadataResolver-0-0] INFO  o.e.m.c.i.e.AbstractTransferListenerAdapter - Downloaded https://repo.spring.io/milestone/org/springframework/boot/spring-boot-starter-parent/2.3.8.BUILD-SNAPSHOT/maven-metadata.xml
2020-12-26 17:43:26,295 [DefaultMetadataResolver-0-1] INFO  o.e.m.c.i.e.AbstractTransferListenerAdapter - Downloading https://repo.spring.io/snapshot/org/springframework/boot/spring-boot-starter-parent/2.3.8.BUILD-SNAPSHOT/maven-metadata.xml
2020-12-26 17:43:26,441 [DefaultMetadataResolver-0-1] INFO  o.e.m.c.i.e.AbstractTransferListenerAdapter - Downloaded https://repo.spring.io/snapshot/org/springframework/boot/spring-boot-starter-parent/2.3.8.BUILD-SNAPSHOT/maven-metadata.xml
2020-12-26 17:43:26,568 [Worker-7: Update Maven projects configuration] INFO  o.e.m.c.i.e.AbstractTransferListenerAdapter - Downloading https://repo.spring.io/snapshot/org/springframework/boot/spring-boot-starter-parent/2.3.8.BUILD-SNAPSHOT/spring-boot-starter-parent-2.3.8.BUILD-20201223.152002-23.pom
2020-12-26 17:43:26,710 [Worker-7: Update Maven projects configuration] INFO  o.e.m.c.i.e.AbstractTransferListenerAdapter - Downloaded https://repo.spring.io/snapshot/org/springframework/boot/spring-boot-starter-parent/2.3.8.BUILD-SNAPSHOT/spring-boot-starter-parent-2.3.8.BUILD-20201223.152002-23.pom
2020-12-26 17:43:26,860 [DefaultMetadataResolver-1-0] INFO  o.e.m.c.i.e.AbstractTransferListenerAdapter - Downloaded https://repo.spring.io/milestone/org/springframework/boot/spring-boot-dependencies/2.3.8.BUILD-SNAPSHOT/maven-metadata.xml
2020-12-26 17:43:26,888 [DefaultMetadataResolver-1-1] INFO  o.e.m.c.i.e.AbstractTransferListenerAdapter - Downloading https://repo.spring.io/snapshot/org/springframework/boot/spring-boot-dependencies/2.3.8.BUILD-SNAPSHOT/maven-metadata.xml
2020-12-26 17:43:27,053 [DefaultMetadataResolver-1-1] INFO  o.e.m.c.i.e.AbstractTransferListenerAdapter - Downloaded https://repo.spring.io/snapshot/org/springframework/boot/spring-boot-dependencies/2.3.8.BUILD-SNAPSHOT/maven-metadata.xml
2020-12-26 17:43:27,177 [Worker-7: Update Maven projects configuration] INFO  o.e.m.c.i.e.AbstractTransferListenerAdapter - Downloading https://repo.spring.io/snapshot/org/springframework/boot/spring-boot-dependencies/2.3.8.BUILD-SNAPSHOT/spring-boot-dependencies-2.3.8.BUILD-20201223.152002-23.pom
2020-12-26 17:43:27,467 [Worker-7: Update Maven projects configuration] INFO  o.e.m.c.i.e.AbstractTransferListenerAdapter - Downloaded https://repo.spring.io/snapshot/org/springframework/boot/spring-boot-dependencies/2.3.8.BUILD-SNAPSHOT/spring-boot-dependencies-2.3.8.BUILD-20201223.152002-23.pom
2020-12-26 17:43:27,654 [Worker-7: Update Maven projects configuration] INFO  o.e.m.c.i.e.AbstractTransferListenerAdapter - Downloaded https://repo.spring.io/milestone/io/dropwizard/metrics/metrics-bom/4.1.16/metrics-bom-4.1.16.pom
2020-12-26 17:43:27,771 [Worker-7: Update Maven projects configuration] INFO  o.e.m.c.i.e.AbstractTransferListenerAdapter - Downloaded https://repo.spring.io/snapshot/io/dropwizard/metrics/metrics-bom/4.1.16/metrics-bom-4.1.16.pom
2020-12-26 17:43:28,527 [Worker-7: Update Maven projects configuration] INFO  o.e.m.c.i.e.AbstractTransferListenerAdapter - Downloading https://repo.maven.apache.org/maven2/io/dropwizard/metrics/metrics-bom/4.1.16/metrics-bom-4.1.16.pom
2020-12-26 17:43:28,575 [Worker-7: Update Maven projects configuration] INFO  o.e.m.c.i.e.AbstractTransferListenerAdapter - Downloaded https://repo.maven.apache.org/maven2/io/dropwizard/metrics/metrics-bom/4.1.16/metrics-bom-4.1.16.pom
2020-12-26 17:43:28,787 [Worker-7: Update Maven projects configuration] INFO  o.e.m.c.i.e.AbstractTransferListenerAdapter - Downloaded https://repo.spring.io/milestone/io/dropwizard/metrics/metrics-parent/4.1.16/metrics-parent-4.1.16.pom
2020-12-26 17:43:28,903 [Worker-7: Update Maven projects configuration] INFO  o.e.m.c.i.e.AbstractTransferListenerAdapter - Downloaded https://repo.spring.io/snapshot/io/dropwizard/metrics/metrics-parent/4.1.16/metrics-parent-4.1.16.pom
2020-12-26 17:43:28,931 [Worker-7: Update Maven projects configuration] INFO  o.e.m.c.i.e.AbstractTransferListenerAdapter - Downloading https://repo.maven.apache.org/maven2/io/dropwizard/metrics/metrics-parent/4.1.16/metrics-parent-4.1.16.pom
2020-12-26 17:43:28,968 [Worker-7: Update Maven projects configuration] INFO  o.e.m.c.i.e.AbstractTransferListenerAdapter - Downloaded https://repo.maven.apache.org/maven2/io/dropwizard/metrics/metrics-parent/4.1.16/metrics-parent-4.1.16.pom
2020-12-26 17:43:29,097 [Worker-7: Update Maven projects configuration] INFO  o.e.m.c.i.e.AbstractTransferListenerAdapter - Downloaded https://repo.spring.io/milestone/org/codehaus/groovy/groovy-bom/2.5.14/groovy-bom-2.5.14.pom
2020-12-26 17:43:29,214 [Worker-7: Update Maven projects configuration] INFO  o.e.m.c.i.e.AbstractTransferListenerAdapter - Downloaded https://repo.spring.io/snapshot/org/codehaus/groovy/groovy-bom/2.5.14/groovy-bom-2.5.14.pom
2020-12-26 17:43:29,265 [Worker-7: Update Maven projects configuration] INFO  o.e.m.c.i.e.AbstractTransferListenerAdapter - Downloading https://repo.maven.apache.org/maven2/org/codehaus/groovy/groovy-bom/2.5.14/groovy-bom-2.5.14.pom
2020-12-26 17:43:29,309 [Worker-7: Update Maven projects configuration] INFO  o.e.m.c.i.e.AbstractTransferListenerAdapter - Downloaded https://repo.maven.apache.org/maven2/org/codehaus/groovy/groovy-bom/2.5.14/groovy-bom-2.5.14.pom
2020-12-26 17:43:29,514 [Worker-7: Update Maven projects configuration] INFO  o.e.m.c.i.e.AbstractTransferListenerAdapter - Downloaded https://repo.spring.io/milestone/org/eclipse/jetty/jetty-bom/9.4.35.v20201120/jetty-bom-9.4.35.v20201120.pom
2020-12-26 17:43:29,631 [Worker-7: Update Maven projects configuration] INFO  o.e.m.c.i.e.AbstractTransferListenerAdapter - Downloaded https://repo.spring.io/snapshot/org/eclipse/jetty/jetty-bom/9.4.35.v20201120/jetty-bom-9.4.35.v20201120.pom
2020-12-26 17:43:29,664 [Worker-7: Update Maven projects configuration] INFO  o.e.m.c.i.e.AbstractTransferListenerAdapter - Downloading https://repo.maven.apache.org/maven2/org/eclipse/jetty/jetty-bom/9.4.35.v20201120/jetty-bom-9.4.35.v20201120.pom
2020-12-26 17:43:29,721 [Worker-7: Update Maven projects configuration] INFO  o.e.m.c.i.e.AbstractTransferListenerAdapter - Downloaded https://repo.maven.apache.org/maven2/org/eclipse/jetty/jetty-bom/9.4.35.v20201120/jetty-bom-9.4.35.v20201120.pom
2020-12-26 17:43:30,024 [Worker-7: Update Maven projects configuration] INFO  o.e.m.c.i.e.AbstractTransferListenerAdapter - Downloaded https://repo.spring.io/milestone/io/micrometer/micrometer-bom/1.5.9/micrometer-bom-1.5.9.pom
2020-12-26 17:43:30,142 [Worker-7: Update Maven projects configuration] INFO  o.e.m.c.i.e.AbstractTransferListenerAdapter - Downloaded https://repo.spring.io/snapshot/io/micrometer/micrometer-bom/1.5.9/micrometer-bom-1.5.9.pom
2020-12-26 17:43:30,171 [Worker-7: Update Maven projects configuration] INFO  o.e.m.c.i.e.AbstractTransferListenerAdapter - Downloading https://repo.maven.apache.org/maven2/io/micrometer/micrometer-bom/1.5.9/micrometer-bom-1.5.9.pom
2020-12-26 17:43:30,210 [Worker-7: Update Maven projects configuration] INFO  o.e.m.c.i.e.AbstractTransferListenerAdapter - Downloaded https://repo.maven.apache.org/maven2/io/micrometer/micrometer-bom/1.5.9/micrometer-bom-1.5.9.pom
2020-12-26 17:43:30,338 [Worker-7: Update Maven projects configuration] INFO  o.e.m.c.i.e.AbstractTransferListenerAdapter - Downloaded https://repo.spring.io/milestone/io/netty/netty-bom/4.1.55.Final/netty-bom-4.1.55.Final.pom
2020-12-26 17:43:30,454 [Worker-7: Update Maven projects configuration] INFO  o.e.m.c.i.e.AbstractTransferListenerAdapter - Downloaded https://repo.spring.io/snapshot/io/netty/netty-bom/4.1.55.Final/netty-bom-4.1.55.Final.pom
2020-12-26 17:43:30,480 [Worker-7: Update Maven projects configuration] INFO  o.e.m.c.i.e.AbstractTransferListenerAdapter - Downloading https://repo.maven.apache.org/maven2/io/netty/netty-bom/4.1.55.Final/netty-bom-4.1.55.Final.pom
2020-12-26 17:43:30,514 [Worker-7: Update Maven projects configuration] INFO  o.e.m.c.i.e.AbstractTransferListenerAdapter - Downloaded https://repo.maven.apache.org/maven2/io/netty/netty-bom/4.1.55.Final/netty-bom-4.1.55.Final.pom
2020-12-26 17:43:30,669 [Worker-7: Update Maven projects configuration] INFO  o.e.m.c.i.e.AbstractTransferListenerAdapter - Downloaded https://repo.spring.io/milestone/io/projectreactor/reactor-bom/Dysprosium-SR15/reactor-bom-Dysprosium-SR15.pom
2020-12-26 17:43:30,787 [Worker-7: Update Maven projects configuration] INFO  o.e.m.c.i.e.AbstractTransferListenerAdapter - Downloaded https://repo.spring.io/snapshot/io/projectreactor/reactor-bom/Dysprosium-SR15/reactor-bom-Dysprosium-SR15.pom
2020-12-26 17:43:30,816 [Worker-7: Update Maven projects configuration] INFO  o.e.m.c.i.e.AbstractTransferListenerAdapter - Downloading https://repo.maven.apache.org/maven2/io/projectreactor/reactor-bom/Dysprosium-SR15/reactor-bom-Dysprosium-SR15.pom
2020-12-26 17:43:30,868 [Worker-7: Update Maven projects configuration] INFO  o.e.m.c.i.e.AbstractTransferListenerAdapter - Downloaded https://repo.maven.apache.org/maven2/io/projectreactor/reactor-bom/Dysprosium-SR15/reactor-bom-Dysprosium-SR15.pom
2020-12-26 17:43:31,035 [Worker-7: Update Maven projects configuration] INFO  o.e.m.c.i.e.AbstractTransferListenerAdapter - Downloaded https://repo.spring.io/milestone/org/springframework/data/spring-data-releasetrain/Neumann-SR6/spring-data-releasetrain-Neumann-SR6.pom
2020-12-26 17:43:31,155 [Worker-7: Update Maven projects configuration] INFO  o.e.m.c.i.e.AbstractTransferListenerAdapter - Downloaded https://repo.spring.io/snapshot/org/springframework/data/spring-data-releasetrain/Neumann-SR6/spring-data-releasetrain-Neumann-SR6.pom
2020-12-26 17:43:31,183 [Worker-7: Update Maven projects configuration] INFO  o.e.m.c.i.e.AbstractTransferListenerAdapter - Downloading https://repo.maven.apache.org/maven2/org/springframework/data/spring-data-releasetrain/Neumann-SR6/spring-data-releasetrain-Neumann-SR6.pom
2020-12-26 17:43:31,215 [Worker-7: Update Maven projects configuration] INFO  o.e.m.c.i.e.AbstractTransferListenerAdapter - Downloaded https://repo.maven.apache.org/maven2/org/springframework/data/spring-data-releasetrain/Neumann-SR6/spring-data-releasetrain-Neumann-SR6.pom
2020-12-26 17:43:31,343 [Worker-7: Update Maven projects configuration] INFO  o.e.m.c.i.e.AbstractTransferListenerAdapter - Downloaded https://repo.spring.io/milestone/org/springframework/data/build/spring-data-build/2.3.6.RELEASE/spring-data-build-2.3.6.RELEASE.pom
2020-12-26 17:43:31,461 [Worker-7: Update Maven projects configuration] INFO  o.e.m.c.i.e.AbstractTransferListenerAdapter - Downloaded https://repo.spring.io/snapshot/org/springframework/data/build/spring-data-build/2.3.6.RELEASE/spring-data-build-2.3.6.RELEASE.pom
2020-12-26 17:43:31,487 [Worker-7: Update Maven projects configuration] INFO  o.e.m.c.i.e.AbstractTransferListenerAdapter - Downloading https://repo.maven.apache.org/maven2/org/springframework/data/build/spring-data-build/2.3.6.RELEASE/spring-data-build-2.3.6.RELEASE.pom
2020-12-26 17:43:31,521 [Worker-7: Update Maven projects configuration] INFO  o.e.m.c.i.e.AbstractTransferListenerAdapter - Downloaded https://repo.maven.apache.org/maven2/org/springframework/data/build/spring-data-build/2.3.6.RELEASE/spring-data-build-2.3.6.RELEASE.pom
2020-12-26 17:43:31,653 [Worker-7: Update Maven projects configuration] INFO  o.e.m.c.i.e.AbstractTransferListenerAdapter - Downloaded https://repo.spring.io/milestone/org/springframework/spring-framework-bom/5.2.12.RELEASE/spring-framework-bom-5.2.12.RELEASE.pom
2020-12-26 17:43:31,772 [Worker-7: Update Maven projects configuration] INFO  o.e.m.c.i.e.AbstractTransferListenerAdapter - Downloaded https://repo.spring.io/snapshot/org/springframework/spring-framework-bom/5.2.12.RELEASE/spring-framework-bom-5.2.12.RELEASE.pom
2020-12-26 17:43:31,799 [Worker-7: Update Maven projects configuration] INFO  o.e.m.c.i.e.AbstractTransferListenerAdapter - Downloading https://repo.maven.apache.org/maven2/org/springframework/spring-framework-bom/5.2.12.RELEASE/spring-framework-bom-5.2.12.RELEASE.pom
2020-12-26 17:43:31,833 [Worker-7: Update Maven projects configuration] INFO  o.e.m.c.i.e.AbstractTransferListenerAdapter - Downloaded https://repo.maven.apache.org/maven2/org/springframework/spring-framework-bom/5.2.12.RELEASE/spring-framework-bom-5.2.12.RELEASE.pom
2020-12-26 17:43:31,979 [Worker-7: Update Maven projects configuration] INFO  o.e.m.c.i.e.AbstractTransferListenerAdapter - Downloaded https://repo.spring.io/milestone/org/springframework/security/spring-security-bom/5.3.6.RELEASE/spring-security-bom-5.3.6.RELEASE.pom
2020-12-26 17:43:32,097 [Worker-7: Update Maven projects configuration] INFO  o.e.m.c.i.e.AbstractTransferListenerAdapter - Downloaded https://repo.spring.io/snapshot/org/springframework/security/spring-security-bom/5.3.6.RELEASE/spring-security-bom-5.3.6.RELEASE.pom
2020-12-26 17:43:32,124 [Worker-7: Update Maven projects configuration] INFO  o.e.m.c.i.e.AbstractTransferListenerAdapter - Downloading https://repo.maven.apache.org/maven2/org/springframework/security/spring-security-bom/5.3.6.RELEASE/spring-security-bom-5.3.6.RELEASE.pom
2020-12-26 17:43:32,160 [Worker-7: Update Maven projects configuration] INFO  o.e.m.c.i.e.AbstractTransferListenerAdapter - Downloaded https://repo.maven.apache.org/maven2/org/springframework/security/spring-security-bom/5.3.6.RELEASE/spring-security-bom-5.3.6.RELEASE.pom
2020-12-26 17:43:32,658 [DefaultMetadataResolver-2-0] INFO  o.e.m.c.i.e.AbstractTransferListenerAdapter - Downloaded https://repo.spring.io/milestone/org/springframework/boot/spring-boot-maven-plugin/2.3.8.BUILD-SNAPSHOT/maven-metadata.xml
2020-12-26 17:43:32,681 [DefaultMetadataResolver-2-1] INFO  o.e.m.c.i.e.AbstractTransferListenerAdapter - Downloading https://repo.spring.io/snapshot/org/springframework/boot/spring-boot-maven-plugin/2.3.8.BUILD-SNAPSHOT/maven-metadata.xml
2020-12-26 17:43:32,843 [DefaultMetadataResolver-2-1] INFO  o.e.m.c.i.e.AbstractTransferListenerAdapter - Downloaded https://repo.spring.io/snapshot/org/springframework/boot/spring-boot-maven-plugin/2.3.8.BUILD-SNAPSHOT/maven-metadata.xml
2020-12-26 17:43:32,963 [Worker-7: Update Maven projects configuration] INFO  o.e.m.c.i.e.AbstractTransferListenerAdapter - Downloaded https://repo.spring.io/milestone/org/springframework/boot/spring-boot-maven-plugin/2.3.8.BUILD-SNAPSHOT/spring-boot-maven-plugin-2.3.8.BUILD-20201223.152002-23.pom
2020-12-26 17:43:33,084 [Worker-7: Update Maven projects configuration] INFO  o.e.m.c.i.e.AbstractTransferListenerAdapter - Downloading https://repo.spring.io/snapshot/org/springframework/boot/spring-boot-maven-plugin/2.3.8.BUILD-SNAPSHOT/spring-boot-maven-plugin-2.3.8.BUILD-20201223.152002-23.pom
2020-12-26 17:43:33,227 [Worker-7: Update Maven projects configuration] INFO  o.e.m.c.i.e.AbstractTransferListenerAdapter - Downloaded https://repo.spring.io/snapshot/org/springframework/boot/spring-boot-maven-plugin/2.3.8.BUILD-SNAPSHOT/spring-boot-maven-plugin-2.3.8.BUILD-20201223.152002-23.pom
2020-12-26 17:43:33,360 [Worker-7: Update Maven projects configuration] INFO  o.e.m.c.i.e.AbstractTransferListenerAdapter - Downloading https://repo.spring.io/snapshot/org/springframework/boot/spring-boot-maven-plugin/2.3.8.BUILD-SNAPSHOT/spring-boot-maven-plugin-2.3.8.BUILD-20201223.152002-23.jar
2020-12-26 17:43:33,598 [Worker-7: Update Maven projects configuration] INFO  o.e.m.c.i.e.AbstractTransferListenerAdapter - Downloaded https://repo.spring.io/snapshot/org/springframework/boot/spring-boot-maven-plugin/2.3.8.BUILD-SNAPSHOT/spring-boot-maven-plugin-2.3.8.BUILD-20201223.152002-23.jar
2020-12-26 17:43:36,182 [Worker-7: Update Maven projects configuration] INFO  o.e.m.c.i.l.LifecycleMappingFactory - Using org.eclipse.m2e.jdt.JarLifecycleMapping lifecycle mapping for MavenProject: insa.lesirreductibles:PlotRadar:0.0.1-SNAPSHOT @ C:\Users\Jérémie\Downloads\PlotRadar\pom.xml.
2020-12-26 17:43:36,310 [DefaultMetadataResolver-3-0] INFO  o.e.m.c.i.e.AbstractTransferListenerAdapter - Downloaded https://repo.spring.io/milestone/org/springframework/boot/spring-boot-starter/2.3.8.BUILD-SNAPSHOT/maven-metadata.xml
2020-12-26 17:43:36,334 [DefaultMetadataResolver-3-1] INFO  o.e.m.c.i.e.AbstractTransferListenerAdapter - Downloading https://repo.spring.io/snapshot/org/springframework/boot/spring-boot-starter/2.3.8.BUILD-SNAPSHOT/maven-metadata.xml
2020-12-26 17:43:36,474 [DefaultMetadataResolver-3-1] INFO  o.e.m.c.i.e.AbstractTransferListenerAdapter - Downloaded https://repo.spring.io/snapshot/org/springframework/boot/spring-boot-starter/2.3.8.BUILD-SNAPSHOT/maven-metadata.xml
2020-12-26 17:43:36,593 [Worker-7: Update Maven projects configuration] INFO  o.e.m.c.i.e.AbstractTransferListenerAdapter - Downloaded https://repo.spring.io/milestone/org/springframework/boot/spring-boot-starter/2.3.8.BUILD-SNAPSHOT/spring-boot-starter-2.3.8.BUILD-20201223.152002-23.pom
2020-12-26 17:43:36,715 [Worker-7: Update Maven projects configuration] INFO  o.e.m.c.i.e.AbstractTransferListenerAdapter - Downloading https://repo.spring.io/snapshot/org/springframework/boot/spring-boot-starter/2.3.8.BUILD-SNAPSHOT/spring-boot-starter-2.3.8.BUILD-20201223.152002-23.pom
2020-12-26 17:43:36,855 [Worker-7: Update Maven projects configuration] INFO  o.e.m.c.i.e.AbstractTransferListenerAdapter - Downloaded https://repo.spring.io/snapshot/org/springframework/boot/spring-boot-starter/2.3.8.BUILD-SNAPSHOT/spring-boot-starter-2.3.8.BUILD-20201223.152002-23.pom
2020-12-26 17:43:36,984 [DefaultMetadataResolver-4-0] INFO  o.e.m.c.i.e.AbstractTransferListenerAdapter - Downloaded https://repo.spring.io/milestone/org/springframework/boot/spring-boot/2.3.8.BUILD-SNAPSHOT/maven-metadata.xml
2020-12-26 17:43:37,016 [DefaultMetadataResolver-4-1] INFO  o.e.m.c.i.e.AbstractTransferListenerAdapter - Downloading https://repo.spring.io/snapshot/org/springframework/boot/spring-boot/2.3.8.BUILD-SNAPSHOT/maven-metadata.xml
2020-12-26 17:43:37,178 [DefaultMetadataResolver-4-1] INFO  o.e.m.c.i.e.AbstractTransferListenerAdapter - Downloaded https://repo.spring.io/snapshot/org/springframework/boot/spring-boot/2.3.8.BUILD-SNAPSHOT/maven-metadata.xml
2020-12-26 17:43:37,296 [Worker-7: Update Maven projects configuration] INFO  o.e.m.c.i.e.AbstractTransferListenerAdapter - Downloaded https://repo.spring.io/milestone/org/springframework/boot/spring-boot/2.3.8.BUILD-SNAPSHOT/spring-boot-2.3.8.BUILD-20201223.152002-23.pom
2020-12-26 17:43:37,417 [Worker-7: Update Maven projects configuration] INFO  o.e.m.c.i.e.AbstractTransferListenerAdapter - Downloading https://repo.spring.io/snapshot/org/springframework/boot/spring-boot/2.3.8.BUILD-SNAPSHOT/spring-boot-2.3.8.BUILD-20201223.152002-23.pom
2020-12-26 17:43:37,554 [Worker-7: Update Maven projects configuration] INFO  o.e.m.c.i.e.AbstractTransferListenerAdapter - Downloaded https://repo.spring.io/snapshot/org/springframework/boot/spring-boot/2.3.8.BUILD-SNAPSHOT/spring-boot-2.3.8.BUILD-20201223.152002-23.pom
2020-12-26 17:43:37,795 [Worker-7: Update Maven projects configuration] INFO  o.e.m.c.i.e.AbstractTransferListenerAdapter - Downloaded https://repo.spring.io/milestone/org/springframework/spring-core/5.2.12.RELEASE/spring-core-5.2.12.RELEASE.pom
2020-12-26 17:43:37,953 [Worker-7: Update Maven projects configuration] INFO  o.e.m.c.i.e.AbstractTransferListenerAdapter - Downloaded https://repo.spring.io/snapshot/org/springframework/spring-core/5.2.12.RELEASE/spring-core-5.2.12.RELEASE.pom
2020-12-26 17:43:37,979 [Worker-7: Update Maven projects configuration] INFO  o.e.m.c.i.e.AbstractTransferListenerAdapter - Downloading https://repo.maven.apache.org/maven2/org/springframework/spring-core/5.2.12.RELEASE/spring-core-5.2.12.RELEASE.pom
2020-12-26 17:43:38,014 [Worker-7: Update Maven projects configuration] INFO  o.e.m.c.i.e.AbstractTransferListenerAdapter - Downloaded https://repo.maven.apache.org/maven2/org/springframework/spring-core/5.2.12.RELEASE/spring-core-5.2.12.RELEASE.pom
2020-12-26 17:43:38,160 [Worker-7: Update Maven projects configuration] INFO  o.e.m.c.i.e.AbstractTransferListenerAdapter - Downloaded https://repo.spring.io/milestone/org/springframework/spring-jcl/5.2.12.RELEASE/spring-jcl-5.2.12.RELEASE.pom
2020-12-26 17:43:38,278 [Worker-7: Update Maven projects configuration] INFO  o.e.m.c.i.e.AbstractTransferListenerAdapter - Downloaded https://repo.spring.io/snapshot/org/springframework/spring-jcl/5.2.12.RELEASE/spring-jcl-5.2.12.RELEASE.pom
2020-12-26 17:43:38,305 [Worker-7: Update Maven projects configuration] INFO  o.e.m.c.i.e.AbstractTransferListenerAdapter - Downloading https://repo.maven.apache.org/maven2/org/springframework/spring-jcl/5.2.12.RELEASE/spring-jcl-5.2.12.RELEASE.pom
2020-12-26 17:43:38,443 [Worker-7: Update Maven projects configuration] INFO  o.e.m.c.i.e.AbstractTransferListenerAdapter - Downloaded https://repo.maven.apache.org/maven2/org/springframework/spring-jcl/5.2.12.RELEASE/spring-jcl-5.2.12.RELEASE.pom
2020-12-26 17:43:38,932 [Worker-7: Update Maven projects configuration] INFO  o.e.m.c.i.e.AbstractTransferListenerAdapter - Downloaded https://repo.spring.io/milestone/org/springframework/spring-context/5.2.12.RELEASE/spring-context-5.2.12.RELEASE.pom
2020-12-26 17:43:39,050 [Worker-7: Update Maven projects configuration] INFO  o.e.m.c.i.e.AbstractTransferListenerAdapter - Downloaded https://repo.spring.io/snapshot/org/springframework/spring-context/5.2.12.RELEASE/spring-context-5.2.12.RELEASE.pom
2020-12-26 17:43:39,108 [Worker-7: Update Maven projects configuration] INFO  o.e.m.c.i.e.AbstractTransferListenerAdapter - Downloading https://repo.maven.apache.org/maven2/org/springframework/spring-context/5.2.12.RELEASE/spring-context-5.2.12.RELEASE.pom
2020-12-26 17:43:39,152 [Worker-7: Update Maven projects configuration] INFO  o.e.m.c.i.e.AbstractTransferListenerAdapter - Downloaded https://repo.maven.apache.org/maven2/org/springframework/spring-context/5.2.12.RELEASE/spring-context-5.2.12.RELEASE.pom
2020-12-26 17:43:39,312 [Worker-7: Update Maven projects configuration] INFO  o.e.m.c.i.e.AbstractTransferListenerAdapter - Downloaded https://repo.spring.io/milestone/org/springframework/spring-aop/5.2.12.RELEASE/spring-aop-5.2.12.RELEASE.pom
2020-12-26 17:43:39,428 [Worker-7: Update Maven projects configuration] INFO  o.e.m.c.i.e.AbstractTransferListenerAdapter - Downloaded https://repo.spring.io/snapshot/org/springframework/spring-aop/5.2.12.RELEASE/spring-aop-5.2.12.RELEASE.pom
2020-12-26 17:43:39,522 [Worker-7: Update Maven projects configuration] INFO  o.e.m.c.i.e.AbstractTransferListenerAdapter - Downloading https://repo.maven.apache.org/maven2/org/springframework/spring-aop/5.2.12.RELEASE/spring-aop-5.2.12.RELEASE.pom
2020-12-26 17:43:39,553 [Worker-7: Update Maven projects configuration] INFO  o.e.m.c.i.e.AbstractTransferListenerAdapter - Downloaded https://repo.maven.apache.org/maven2/org/springframework/spring-aop/5.2.12.RELEASE/spring-aop-5.2.12.RELEASE.pom
2020-12-26 17:43:39,700 [Worker-7: Update Maven projects configuration] INFO  o.e.m.c.i.e.AbstractTransferListenerAdapter - Downloaded https://repo.spring.io/milestone/org/springframework/spring-beans/5.2.12.RELEASE/spring-beans-5.2.12.RELEASE.pom
2020-12-26 17:43:39,819 [Worker-7: Update Maven projects configuration] INFO  o.e.m.c.i.e.AbstractTransferListenerAdapter - Downloaded https://repo.spring.io/snapshot/org/springframework/spring-beans/5.2.12.RELEASE/spring-beans-5.2.12.RELEASE.pom
2020-12-26 17:43:39,852 [Worker-7: Update Maven projects configuration] INFO  o.e.m.c.i.e.AbstractTransferListenerAdapter - Downloading https://repo.maven.apache.org/maven2/org/springframework/spring-beans/5.2.12.RELEASE/spring-beans-5.2.12.RELEASE.pom
2020-12-26 17:43:39,948 [Worker-7: Update Maven projects configuration] INFO  o.e.m.c.i.e.AbstractTransferListenerAdapter - Downloaded https://repo.maven.apache.org/maven2/org/springframework/spring-beans/5.2.12.RELEASE/spring-beans-5.2.12.RELEASE.pom
2020-12-26 17:43:40,189 [Worker-7: Update Maven projects configuration] INFO  o.e.m.c.i.e.AbstractTransferListenerAdapter - Downloaded https://repo.spring.io/milestone/org/springframework/spring-expression/5.2.12.RELEASE/spring-expression-5.2.12.RELEASE.pom
2020-12-26 17:43:40,305 [Worker-7: Update Maven projects configuration] INFO  o.e.m.c.i.e.AbstractTransferListenerAdapter - Downloaded https://repo.spring.io/snapshot/org/springframework/spring-expression/5.2.12.RELEASE/spring-expression-5.2.12.RELEASE.pom
2020-12-26 17:43:40,329 [Worker-7: Update Maven projects configuration] INFO  o.e.m.c.i.e.AbstractTransferListenerAdapter - Downloading https://repo.maven.apache.org/maven2/org/springframework/spring-expression/5.2.12.RELEASE/spring-expression-5.2.12.RELEASE.pom
2020-12-26 17:43:40,364 [Worker-7: Update Maven projects configuration] INFO  o.e.m.c.i.e.AbstractTransferListenerAdapter - Downloaded https://repo.maven.apache.org/maven2/org/springframework/spring-expression/5.2.12.RELEASE/spring-expression-5.2.12.RELEASE.pom
2020-12-26 17:43:40,490 [DefaultMetadataResolver-5-0] INFO  o.e.m.c.i.e.AbstractTransferListenerAdapter - Downloaded https://repo.spring.io/milestone/org/springframework/boot/spring-boot-autoconfigure/2.3.8.BUILD-SNAPSHOT/maven-metadata.xml
2020-12-26 17:43:40,531 [DefaultMetadataResolver-5-1] INFO  o.e.m.c.i.e.AbstractTransferListenerAdapter - Downloading https://repo.spring.io/snapshot/org/springframework/boot/spring-boot-autoconfigure/2.3.8.BUILD-SNAPSHOT/maven-metadata.xml
2020-12-26 17:43:40,701 [DefaultMetadataResolver-5-1] INFO  o.e.m.c.i.e.AbstractTransferListenerAdapter - Downloaded https://repo.spring.io/snapshot/org/springframework/boot/spring-boot-autoconfigure/2.3.8.BUILD-SNAPSHOT/maven-metadata.xml
2020-12-26 17:43:40,820 [Worker-7: Update Maven projects configuration] INFO  o.e.m.c.i.e.AbstractTransferListenerAdapter - Downloaded https://repo.spring.io/milestone/org/springframework/boot/spring-boot-autoconfigure/2.3.8.BUILD-SNAPSHOT/spring-boot-autoconfigure-2.3.8.BUILD-20201223.152002-23.pom
2020-12-26 17:43:40,940 [Worker-7: Update Maven projects configuration] INFO  o.e.m.c.i.e.AbstractTransferListenerAdapter - Downloading https://repo.spring.io/snapshot/org/springframework/boot/spring-boot-autoconfigure/2.3.8.BUILD-SNAPSHOT/spring-boot-autoconfigure-2.3.8.BUILD-20201223.152002-23.pom
2020-12-26 17:43:41,075 [Worker-7: Update Maven projects configuration] INFO  o.e.m.c.i.e.AbstractTransferListenerAdapter - Downloaded https://repo.spring.io/snapshot/org/springframework/boot/spring-boot-autoconfigure/2.3.8.BUILD-SNAPSHOT/spring-boot-autoconfigure-2.3.8.BUILD-20201223.152002-23.pom
2020-12-26 17:43:41,205 [DefaultMetadataResolver-6-0] INFO  o.e.m.c.i.e.AbstractTransferListenerAdapter - Downloaded https://repo.spring.io/milestone/org/springframework/boot/spring-boot-starter-logging/2.3.8.BUILD-SNAPSHOT/maven-metadata.xml
2020-12-26 17:43:41,229 [DefaultMetadataResolver-6-1] INFO  o.e.m.c.i.e.AbstractTransferListenerAdapter - Downloading https://repo.spring.io/snapshot/org/springframework/boot/spring-boot-starter-logging/2.3.8.BUILD-SNAPSHOT/maven-metadata.xml
2020-12-26 17:43:41,370 [DefaultMetadataResolver-6-1] INFO  o.e.m.c.i.e.AbstractTransferListenerAdapter - Downloaded https://repo.spring.io/snapshot/org/springframework/boot/spring-boot-starter-logging/2.3.8.BUILD-SNAPSHOT/maven-metadata.xml
2020-12-26 17:43:41,492 [Worker-7: Update Maven projects configuration] INFO  o.e.m.c.i.e.AbstractTransferListenerAdapter - Downloaded https://repo.spring.io/milestone/org/springframework/boot/spring-boot-starter-logging/2.3.8.BUILD-SNAPSHOT/spring-boot-starter-logging-2.3.8.BUILD-20201223.152002-23.pom
2020-12-26 17:43:41,616 [Worker-7: Update Maven projects configuration] INFO  o.e.m.c.i.e.AbstractTransferListenerAdapter - Downloading https://repo.spring.io/snapshot/org/springframework/boot/spring-boot-starter-logging/2.3.8.BUILD-SNAPSHOT/spring-boot-starter-logging-2.3.8.BUILD-20201223.152002-23.pom
2020-12-26 17:43:41,755 [Worker-7: Update Maven projects configuration] INFO  o.e.m.c.i.e.AbstractTransferListenerAdapter - Downloaded https://repo.spring.io/snapshot/org/springframework/boot/spring-boot-starter-logging/2.3.8.BUILD-SNAPSHOT/spring-boot-starter-logging-2.3.8.BUILD-20201223.152002-23.pom
2020-12-26 17:43:42,062 [DefaultMetadataResolver-7-0] INFO  o.e.m.c.i.e.AbstractTransferListenerAdapter - Downloaded https://repo.spring.io/milestone/org/springframework/boot/spring-boot-starter-test/2.3.8.BUILD-SNAPSHOT/maven-metadata.xml
2020-12-26 17:43:42,099 [DefaultMetadataResolver-7-1] INFO  o.e.m.c.i.e.AbstractTransferListenerAdapter - Downloading https://repo.spring.io/snapshot/org/springframework/boot/spring-boot-starter-test/2.3.8.BUILD-SNAPSHOT/maven-metadata.xml
2020-12-26 17:43:42,259 [DefaultMetadataResolver-7-1] INFO  o.e.m.c.i.e.AbstractTransferListenerAdapter - Downloaded https://repo.spring.io/snapshot/org/springframework/boot/spring-boot-starter-test/2.3.8.BUILD-SNAPSHOT/maven-metadata.xml
2020-12-26 17:43:42,379 [Worker-7: Update Maven projects configuration] INFO  o.e.m.c.i.e.AbstractTransferListenerAdapter - Downloaded https://repo.spring.io/milestone/org/springframework/boot/spring-boot-starter-test/2.3.8.BUILD-SNAPSHOT/spring-boot-starter-test-2.3.8.BUILD-20201223.152002-23.pom
2020-12-26 17:43:42,512 [Worker-7: Update Maven projects configuration] INFO  o.e.m.c.i.e.AbstractTransferListenerAdapter - Downloading https://repo.spring.io/snapshot/org/springframework/boot/spring-boot-starter-test/2.3.8.BUILD-SNAPSHOT/spring-boot-starter-test-2.3.8.BUILD-20201223.152002-23.pom
2020-12-26 17:43:42,702 [Worker-7: Update Maven projects configuration] INFO  o.e.m.c.i.e.AbstractTransferListenerAdapter - Downloaded https://repo.spring.io/snapshot/org/springframework/boot/spring-boot-starter-test/2.3.8.BUILD-SNAPSHOT/spring-boot-starter-test-2.3.8.BUILD-20201223.152002-23.pom
2020-12-26 17:43:42,833 [DefaultMetadataResolver-8-0] INFO  o.e.m.c.i.e.AbstractTransferListenerAdapter - Downloaded https://repo.spring.io/milestone/org/springframework/boot/spring-boot-test/2.3.8.BUILD-SNAPSHOT/maven-metadata.xml
2020-12-26 17:43:42,859 [DefaultMetadataResolver-8-1] INFO  o.e.m.c.i.e.AbstractTransferListenerAdapter - Downloading https://repo.spring.io/snapshot/org/springframework/boot/spring-boot-test/2.3.8.BUILD-SNAPSHOT/maven-metadata.xml
2020-12-26 17:43:43,023 [DefaultMetadataResolver-8-1] INFO  o.e.m.c.i.e.AbstractTransferListenerAdapter - Downloaded https://repo.spring.io/snapshot/org/springframework/boot/spring-boot-test/2.3.8.BUILD-SNAPSHOT/maven-metadata.xml
2020-12-26 17:43:43,141 [Worker-7: Update Maven projects configuration] INFO  o.e.m.c.i.e.AbstractTransferListenerAdapter - Downloaded https://repo.spring.io/milestone/org/springframework/boot/spring-boot-test/2.3.8.BUILD-SNAPSHOT/spring-boot-test-2.3.8.BUILD-20201223.152002-23.pom
2020-12-26 17:43:43,261 [Worker-7: Update Maven projects configuration] INFO  o.e.m.c.i.e.AbstractTransferListenerAdapter - Downloading https://repo.spring.io/snapshot/org/springframework/boot/spring-boot-test/2.3.8.BUILD-SNAPSHOT/spring-boot-test-2.3.8.BUILD-20201223.152002-23.pom
2020-12-26 17:43:43,399 [Worker-7: Update Maven projects configuration] INFO  o.e.m.c.i.e.AbstractTransferListenerAdapter - Downloaded https://repo.spring.io/snapshot/org/springframework/boot/spring-boot-test/2.3.8.BUILD-SNAPSHOT/spring-boot-test-2.3.8.BUILD-20201223.152002-23.pom
2020-12-26 17:43:43,526 [DefaultMetadataResolver-9-0] INFO  o.e.m.c.i.e.AbstractTransferListenerAdapter - Downloaded https://repo.spring.io/milestone/org/springframework/boot/spring-boot-test-autoconfigure/2.3.8.BUILD-SNAPSHOT/maven-metadata.xml
2020-12-26 17:43:43,551 [DefaultMetadataResolver-9-1] INFO  o.e.m.c.i.e.AbstractTransferListenerAdapter - Downloading https://repo.spring.io/snapshot/org/springframework/boot/spring-boot-test-autoconfigure/2.3.8.BUILD-SNAPSHOT/maven-metadata.xml
2020-12-26 17:43:43,710 [DefaultMetadataResolver-9-1] INFO  o.e.m.c.i.e.AbstractTransferListenerAdapter - Downloaded https://repo.spring.io/snapshot/org/springframework/boot/spring-boot-test-autoconfigure/2.3.8.BUILD-SNAPSHOT/maven-metadata.xml
2020-12-26 17:43:43,830 [Worker-7: Update Maven projects configuration] INFO  o.e.m.c.i.e.AbstractTransferListenerAdapter - Downloaded https://repo.spring.io/milestone/org/springframework/boot/spring-boot-test-autoconfigure/2.3.8.BUILD-SNAPSHOT/spring-boot-test-autoconfigure-2.3.8.BUILD-20201223.152002-23.pom
2020-12-26 17:43:43,950 [Worker-7: Update Maven projects configuration] INFO  o.e.m.c.i.e.AbstractTransferListenerAdapter - Downloading https://repo.spring.io/snapshot/org/springframework/boot/spring-boot-test-autoconfigure/2.3.8.BUILD-SNAPSHOT/spring-boot-test-autoconfigure-2.3.8.BUILD-20201223.152002-23.pom
2020-12-26 17:43:44,087 [Worker-7: Update Maven projects configuration] INFO  o.e.m.c.i.e.AbstractTransferListenerAdapter - Downloaded https://repo.spring.io/snapshot/org/springframework/boot/spring-boot-test-autoconfigure/2.3.8.BUILD-SNAPSHOT/spring-boot-test-autoconfigure-2.3.8.BUILD-20201223.152002-23.pom
2020-12-26 17:43:44,803 [Worker-7: Update Maven projects configuration] INFO  o.e.m.c.i.e.AbstractTransferListenerAdapter - Downloaded https://repo.spring.io/milestone/org/springframework/spring-test/5.2.12.RELEASE/spring-test-5.2.12.RELEASE.pom
2020-12-26 17:43:44,921 [Worker-7: Update Maven projects configuration] INFO  o.e.m.c.i.e.AbstractTransferListenerAdapter - Downloaded https://repo.spring.io/snapshot/org/springframework/spring-test/5.2.12.RELEASE/spring-test-5.2.12.RELEASE.pom
2020-12-26 17:43:44,947 [Worker-7: Update Maven projects configuration] INFO  o.e.m.c.i.e.AbstractTransferListenerAdapter - Downloading https://repo.maven.apache.org/maven2/org/springframework/spring-test/5.2.12.RELEASE/spring-test-5.2.12.RELEASE.pom
2020-12-26 17:43:44,985 [Worker-7: Update Maven projects configuration] INFO  o.e.m.c.i.e.AbstractTransferListenerAdapter - Downloaded https://repo.maven.apache.org/maven2/org/springframework/spring-test/5.2.12.RELEASE/spring-test-5.2.12.RELEASE.pom
2020-12-26 17:43:45,177 [AetherRepositoryConnector-repo.spring.io-10-0] INFO  o.e.m.c.i.e.AbstractTransferListenerAdapter - Downloading https://repo.spring.io/snapshot/org/springframework/boot/spring-boot-starter/2.3.8.BUILD-SNAPSHOT/spring-boot-starter-2.3.8.BUILD-20201223.152002-23.jar
2020-12-26 17:43:45,191 [AetherRepositoryConnector-repo.spring.io-10-3] INFO  o.e.m.c.i.e.AbstractTransferListenerAdapter - Downloading https://repo.spring.io/snapshot/org/springframework/boot/spring-boot-starter-logging/2.3.8.BUILD-SNAPSHOT/spring-boot-starter-logging-2.3.8.BUILD-20201223.152002-23.jar
2020-12-26 17:43:45,194 [AetherRepositoryConnector-repo.spring.io-10-1] INFO  o.e.m.c.i.e.AbstractTransferListenerAdapter - Downloading https://repo.spring.io/snapshot/org/springframework/boot/spring-boot/2.3.8.BUILD-SNAPSHOT/spring-boot-2.3.8.BUILD-20201223.152002-23.jar
2020-12-26 17:43:45,198 [AetherRepositoryConnector-repo.spring.io-10-4] INFO  o.e.m.c.i.e.AbstractTransferListenerAdapter - Downloading https://repo.spring.io/snapshot/org/springframework/boot/spring-boot-starter-test/2.3.8.BUILD-SNAPSHOT/spring-boot-starter-test-2.3.8.BUILD-20201223.152002-23.jar
2020-12-26 17:43:45,203 [AetherRepositoryConnector-repo.spring.io-10-2] INFO  o.e.m.c.i.e.AbstractTransferListenerAdapter - Downloading https://repo.spring.io/snapshot/org/springframework/boot/spring-boot-autoconfigure/2.3.8.BUILD-SNAPSHOT/spring-boot-autoconfigure-2.3.8.BUILD-20201223.152002-23.jar
2020-12-26 17:43:45,357 [AetherRepositoryConnector-repo.spring.io-10-0] INFO  o.e.m.c.i.e.AbstractTransferListenerAdapter - Downloaded https://repo.spring.io/snapshot/org/springframework/boot/spring-boot-starter/2.3.8.BUILD-SNAPSHOT/spring-boot-starter-2.3.8.BUILD-20201223.152002-23.jar
2020-12-26 17:43:45,398 [AetherRepositoryConnector-repo.spring.io-10-3] INFO  o.e.m.c.i.e.AbstractTransferListenerAdapter - Downloaded https://repo.spring.io/snapshot/org/springframework/boot/spring-boot-starter-logging/2.3.8.BUILD-SNAPSHOT/spring-boot-starter-logging-2.3.8.BUILD-20201223.152002-23.jar
2020-12-26 17:43:45,554 [AetherRepositoryConnector-repo.spring.io-10-4] INFO  o.e.m.c.i.e.AbstractTransferListenerAdapter - Downloaded https://repo.spring.io/snapshot/org/springframework/boot/spring-boot-starter-test/2.3.8.BUILD-SNAPSHOT/spring-boot-starter-test-2.3.8.BUILD-20201223.152002-23.jar
2020-12-26 17:43:45,636 [AetherRepositoryConnector-repo.spring.io-10-0] INFO  o.e.m.c.i.e.AbstractTransferListenerAdapter - Downloading https://repo.spring.io/snapshot/org/springframework/boot/spring-boot-test/2.3.8.BUILD-SNAPSHOT/spring-boot-test-2.3.8.BUILD-20201223.152002-23.jar
2020-12-26 17:43:45,665 [AetherRepositoryConnector-repo.spring.io-10-3] INFO  o.e.m.c.i.e.AbstractTransferListenerAdapter - Downloading https://repo.spring.io/snapshot/org/springframework/boot/spring-boot-test-autoconfigure/2.3.8.BUILD-SNAPSHOT/spring-boot-test-autoconfigure-2.3.8.BUILD-20201223.152002-23.jar
2020-12-26 17:43:45,878 [AetherRepositoryConnector-repo.spring.io-10-1] INFO  o.e.m.c.i.e.AbstractTransferListenerAdapter - Downloaded https://repo.spring.io/snapshot/org/springframework/boot/spring-boot/2.3.8.BUILD-SNAPSHOT/spring-boot-2.3.8.BUILD-20201223.152002-23.jar
2020-12-26 17:43:45,989 [AetherRepositoryConnector-repo.spring.io-10-0] INFO  o.e.m.c.i.e.AbstractTransferListenerAdapter - Downloaded https://repo.spring.io/snapshot/org/springframework/boot/spring-boot-test/2.3.8.BUILD-SNAPSHOT/spring-boot-test-2.3.8.BUILD-20201223.152002-23.jar
2020-12-26 17:43:46,008 [AetherRepositoryConnector-repo.spring.io-10-2] INFO  o.e.m.c.i.e.AbstractTransferListenerAdapter - Downloaded https://repo.spring.io/snapshot/org/springframework/boot/spring-boot-autoconfigure/2.3.8.BUILD-SNAPSHOT/spring-boot-autoconfigure-2.3.8.BUILD-20201223.152002-23.jar
2020-12-26 17:43:46,008 [AetherRepositoryConnector-repo.spring.io-10-3] INFO  o.e.m.c.i.e.AbstractTransferListenerAdapter - Downloaded https://repo.spring.io/snapshot/org/springframework/boot/spring-boot-test-autoconfigure/2.3.8.BUILD-SNAPSHOT/spring-boot-test-autoconfigure-2.3.8.BUILD-20201223.152002-23.jar
2020-12-26 17:43:47,379 [AetherRepositoryConnector-repo.spring.io-11-0] INFO  o.e.m.c.i.e.AbstractTransferListenerAdapter - Downloaded https://repo.spring.io/milestone/org/springframework/spring-context/5.2.12.RELEASE/spring-context-5.2.12.RELEASE.jar
2020-12-26 17:43:47,410 [AetherRepositoryConnector-repo.spring.io-11-4] INFO  o.e.m.c.i.e.AbstractTransferListenerAdapter - Downloaded https://repo.spring.io/milestone/org/springframework/spring-core/5.2.12.RELEASE/spring-core-5.2.12.RELEASE.jar
2020-12-26 17:43:47,466 [AetherRepositoryConnector-repo.spring.io-11-1] INFO  o.e.m.c.i.e.AbstractTransferListenerAdapter - Downloaded https://repo.spring.io/milestone/org/springframework/spring-aop/5.2.12.RELEASE/spring-aop-5.2.12.RELEASE.jar
2020-12-26 17:43:47,620 [AetherRepositoryConnector-repo.spring.io-11-0] INFO  o.e.m.c.i.e.AbstractTransferListenerAdapter - Downloaded https://repo.spring.io/milestone/org/springframework/spring-jcl/5.2.12.RELEASE/spring-jcl-5.2.12.RELEASE.jar
2020-12-26 17:43:47,637 [AetherRepositoryConnector-repo.spring.io-11-4] INFO  o.e.m.c.i.e.AbstractTransferListenerAdapter - Downloaded https://repo.spring.io/milestone/org/springframework/spring-test/5.2.12.RELEASE/spring-test-5.2.12.RELEASE.jar
2020-12-26 17:43:47,648 [AetherRepositoryConnector-repo.spring.io-11-2] INFO  o.e.m.c.i.e.AbstractTransferListenerAdapter - Downloaded https://repo.spring.io/milestone/org/springframework/spring-beans/5.2.12.RELEASE/spring-beans-5.2.12.RELEASE.jar
2020-12-26 17:43:47,651 [AetherRepositoryConnector-repo.spring.io-11-3] INFO  o.e.m.c.i.e.AbstractTransferListenerAdapter - Downloaded https://repo.spring.io/milestone/org/springframework/spring-expression/5.2.12.RELEASE/spring-expression-5.2.12.RELEASE.jar
2020-12-26 17:43:48,758 [AetherRepositoryConnector-repo.spring.io-12-1] INFO  o.e.m.c.i.e.AbstractTransferListenerAdapter - Downloaded https://repo.spring.io/snapshot/org/springframework/spring-aop/5.2.12.RELEASE/spring-aop-5.2.12.RELEASE.jar
2020-12-26 17:43:48,759 [AetherRepositoryConnector-repo.spring.io-12-3] INFO  o.e.m.c.i.e.AbstractTransferListenerAdapter - Downloaded https://repo.spring.io/snapshot/org/springframework/spring-expression/5.2.12.RELEASE/spring-expression-5.2.12.RELEASE.jar
2020-12-26 17:43:48,759 [AetherRepositoryConnector-repo.spring.io-12-4] INFO  o.e.m.c.i.e.AbstractTransferListenerAdapter - Downloaded https://repo.spring.io/snapshot/org/springframework/spring-core/5.2.12.RELEASE/spring-core-5.2.12.RELEASE.jar
2020-12-26 17:43:48,759 [AetherRepositoryConnector-repo.spring.io-12-2] INFO  o.e.m.c.i.e.AbstractTransferListenerAdapter - Downloaded https://repo.spring.io/snapshot/org/springframework/spring-beans/5.2.12.RELEASE/spring-beans-5.2.12.RELEASE.jar
2020-12-26 17:43:48,761 [AetherRepositoryConnector-repo.spring.io-12-0] INFO  o.e.m.c.i.e.AbstractTransferListenerAdapter - Downloaded https://repo.spring.io/snapshot/org/springframework/spring-context/5.2.12.RELEASE/spring-context-5.2.12.RELEASE.jar
2020-12-26 17:43:48,875 [AetherRepositoryConnector-repo.spring.io-12-1] INFO  o.e.m.c.i.e.AbstractTransferListenerAdapter - Downloaded https://repo.spring.io/snapshot/org/springframework/spring-jcl/5.2.12.RELEASE/spring-jcl-5.2.12.RELEASE.jar
2020-12-26 17:43:48,876 [AetherRepositoryConnector-repo.spring.io-12-3] INFO  o.e.m.c.i.e.AbstractTransferListenerAdapter - Downloaded https://repo.spring.io/snapshot/org/springframework/spring-test/5.2.12.RELEASE/spring-test-5.2.12.RELEASE.jar
2020-12-26 17:43:48,942 [AetherRepositoryConnector-repo.maven.apache.org-13-1] INFO  o.e.m.c.i.e.AbstractTransferListenerAdapter - Downloading https://repo.maven.apache.org/maven2/org/springframework/spring-aop/5.2.12.RELEASE/spring-aop-5.2.12.RELEASE.jar
2020-12-26 17:43:49,013 [AetherRepositoryConnector-repo.maven.apache.org-13-0] INFO  o.e.m.c.i.e.AbstractTransferListenerAdapter - Downloading https://repo.maven.apache.org/maven2/org/springframework/spring-context/5.2.12.RELEASE/spring-context-5.2.12.RELEASE.jar
2020-12-26 17:43:49,013 [AetherRepositoryConnector-repo.maven.apache.org-13-3] INFO  o.e.m.c.i.e.AbstractTransferListenerAdapter - Downloading https://repo.maven.apache.org/maven2/org/springframework/spring-expression/5.2.12.RELEASE/spring-expression-5.2.12.RELEASE.jar
2020-12-26 17:43:49,013 [AetherRepositoryConnector-repo.maven.apache.org-13-2] INFO  o.e.m.c.i.e.AbstractTransferListenerAdapter - Downloading https://repo.maven.apache.org/maven2/org/springframework/spring-beans/5.2.12.RELEASE/spring-beans-5.2.12.RELEASE.jar
2020-12-26 17:43:49,013 [AetherRepositoryConnector-repo.maven.apache.org-13-4] INFO  o.e.m.c.i.e.AbstractTransferListenerAdapter - Downloading https://repo.maven.apache.org/maven2/org/springframework/spring-core/5.2.12.RELEASE/spring-core-5.2.12.RELEASE.jar
2020-12-26 17:43:49,623 [AetherRepositoryConnector-repo.maven.apache.org-13-1] INFO  o.e.m.c.i.e.AbstractTransferListenerAdapter - Downloaded https://repo.maven.apache.org/maven2/org/springframework/spring-aop/5.2.12.RELEASE/spring-aop-5.2.12.RELEASE.jar
2020-12-26 17:43:49,707 [AetherRepositoryConnector-repo.maven.apache.org-13-3] INFO  o.e.m.c.i.e.AbstractTransferListenerAdapter - Downloaded https://repo.maven.apache.org/maven2/org/springframework/spring-expression/5.2.12.RELEASE/spring-expression-5.2.12.RELEASE.jar
2020-12-26 17:43:49,734 [AetherRepositoryConnector-repo.maven.apache.org-13-1] INFO  o.e.m.c.i.e.AbstractTransferListenerAdapter - Downloading https://repo.maven.apache.org/maven2/org/springframework/spring-jcl/5.2.12.RELEASE/spring-jcl-5.2.12.RELEASE.jar
2020-12-26 17:43:49,800 [AetherRepositoryConnector-repo.maven.apache.org-13-3] INFO  o.e.m.c.i.e.AbstractTransferListenerAdapter - Downloading https://repo.maven.apache.org/maven2/org/springframework/spring-test/5.2.12.RELEASE/spring-test-5.2.12.RELEASE.jar
2020-12-26 17:43:49,961 [AetherRepositoryConnector-repo.maven.apache.org-13-1] INFO  o.e.m.c.i.e.AbstractTransferListenerAdapter - Downloaded https://repo.maven.apache.org/maven2/org/springframework/spring-jcl/5.2.12.RELEASE/spring-jcl-5.2.12.RELEASE.jar
2020-12-26 17:43:50,013 [AetherRepositoryConnector-repo.maven.apache.org-13-2] INFO  o.e.m.c.i.e.AbstractTransferListenerAdapter - Downloaded https://repo.maven.apache.org/maven2/org/springframework/spring-beans/5.2.12.RELEASE/spring-beans-5.2.12.RELEASE.jar
2020-12-26 17:43:50,266 [AetherRepositoryConnector-repo.maven.apache.org-13-0] INFO  o.e.m.c.i.e.AbstractTransferListenerAdapter - Downloaded https://repo.maven.apache.org/maven2/org/springframework/spring-context/5.2.12.RELEASE/spring-context-5.2.12.RELEASE.jar
2020-12-26 17:43:50,266 [AetherRepositoryConnector-repo.maven.apache.org-13-3] INFO  o.e.m.c.i.e.AbstractTransferListenerAdapter - Downloaded https://repo.maven.apache.org/maven2/org/springframework/spring-test/5.2.12.RELEASE/spring-test-5.2.12.RELEASE.jar
2020-12-26 17:43:50,287 [AetherRepositoryConnector-repo.maven.apache.org-13-4] INFO  o.e.m.c.i.e.AbstractTransferListenerAdapter - Downloaded https://repo.maven.apache.org/maven2/org/springframework/spring-core/5.2.12.RELEASE/spring-core-5.2.12.RELEASE.jar
2020-12-26 17:43:54,394 [Worker-7: Update Maven projects configuration] INFO  o.e.m.j.i.AbstractJavaProjectConfigurator - Adding source folder /PlotRadar/src/main/java
2020-12-26 17:43:54,395 [Worker-7: Update Maven projects configuration] INFO  o.e.m.j.i.AbstractJavaProjectConfigurator - Adding resource folder /PlotRadar/src/main/resources
2020-12-26 17:43:54,407 [Worker-7: Update Maven projects configuration] INFO  o.e.m.j.i.AbstractJavaProjectConfigurator - Adding resource folder /PlotRadar/src/main/resources
2020-12-26 17:43:54,423 [Worker-7: Update Maven projects configuration] INFO  o.e.m.j.i.AbstractJavaProjectConfigurator - Adding source folder /PlotRadar/src/test/java
2020-12-26 17:43:54,617 [Worker-22: Download sources and javadoc] INFO  o.e.m.c.i.e.AbstractTransferListenerAdapter - Downloading https://repo.spring.io/snapshot/org/springframework/boot/spring-boot-starter/2.3.8.BUILD-SNAPSHOT/spring-boot-starter-2.3.8.BUILD-20201223.101457-22-sources.jar
2020-12-26 17:43:54,773 [Worker-22: Download sources and javadoc] INFO  o.e.m.c.i.e.AbstractTransferListenerAdapter - Downloaded https://repo.spring.io/snapshot/org/springframework/boot/spring-boot-starter/2.3.8.BUILD-SNAPSHOT/spring-boot-starter-2.3.8.BUILD-20201223.101457-22-sources.jar
2020-12-26 17:43:54,957 [Worker-22: Download sources and javadoc] INFO  o.e.m.j.internal.DownloadSourcesJob - Downloaded sources for org.springframework.boot:spring-boot-starter:2.3.8.BUILD-SNAPSHOT
2020-12-26 17:43:55,189 [Worker-22: Download sources and javadoc] INFO  o.e.m.c.i.e.AbstractTransferListenerAdapter - Downloading https://repo.spring.io/snapshot/org/springframework/boot/spring-boot/2.3.8.BUILD-SNAPSHOT/spring-boot-2.3.8.BUILD-20201223.152002-23-sources.jar
2020-12-26 17:43:55,842 [Worker-22: Download sources and javadoc] INFO  o.e.m.c.i.e.AbstractTransferListenerAdapter - Downloaded https://repo.spring.io/snapshot/org/springframework/boot/spring-boot/2.3.8.BUILD-SNAPSHOT/spring-boot-2.3.8.BUILD-20201223.152002-23-sources.jar
2020-12-26 17:43:56,077 [Worker-22: Download sources and javadoc] INFO  o.e.m.j.internal.DownloadSourcesJob - Downloaded sources for org.springframework.boot:spring-boot:2.3.8.BUILD-SNAPSHOT
2020-12-26 17:43:56,207 [Worker-7: Update Maven projects configuration] INFO  o.e.m.c.i.p.ProjectConfigurationManager - Update completed: 30 sec
2020-12-26 17:43:56,333 [Worker-22: Download sources and javadoc] INFO  o.e.m.c.i.e.AbstractTransferListenerAdapter - Downloaded https://repo.spring.io/milestone/org/springframework/spring-context/5.2.12.RELEASE/spring-context-5.2.12.RELEASE-sources.jar
2020-12-26 17:43:56,449 [Worker-10: Building] INFO  o.e.m.c.i.embedder.EclipseLogger - Using 'UTF-8' encoding to copy filtered resources.
2020-12-26 17:43:56,452 [Worker-10: Building] INFO  o.e.m.c.i.embedder.EclipseLogger - Copying 1 resource
2020-12-26 17:43:56,463 [Worker-10: Building] INFO  o.e.m.c.i.embedder.EclipseLogger - Copying 0 resource
2020-12-26 17:43:56,466 [Worker-10: Building] INFO  o.e.m.c.i.embedder.EclipseLogger - Using 'UTF-8' encoding to copy filtered resources.
2020-12-26 17:43:56,466 [Worker-10: Building] INFO  o.e.m.c.i.embedder.EclipseLogger - skip non existing resourceDirectory C:\Users\Jérémie\Downloads\PlotRadar\src\test\resources
2020-12-26 17:43:56,509 [Worker-22: Download sources and javadoc] INFO  o.e.m.c.i.e.AbstractTransferListenerAdapter - Downloaded https://repo.spring.io/snapshot/org/springframework/spring-context/5.2.12.RELEASE/spring-context-5.2.12.RELEASE-sources.jar
2020-12-26 17:43:56,643 [Worker-22: Download sources and javadoc] INFO  o.e.m.c.i.e.AbstractTransferListenerAdapter - Downloading https://repo.maven.apache.org/maven2/org/springframework/spring-context/5.2.12.RELEASE/spring-context-5.2.12.RELEASE-sources.jar
2020-12-26 17:43:56,984 [Worker-22: Download sources and javadoc] INFO  o.e.m.c.i.e.AbstractTransferListenerAdapter - Downloaded https://repo.maven.apache.org/maven2/org/springframework/spring-context/5.2.12.RELEASE/spring-context-5.2.12.RELEASE-sources.jar
2020-12-26 17:43:57,111 [Worker-22: Download sources and javadoc] INFO  o.e.m.j.internal.DownloadSourcesJob - Downloaded sources for org.springframework:spring-context:5.2.12.RELEASE
2020-12-26 17:43:57,349 [Worker-22: Download sources and javadoc] INFO  o.e.m.c.i.e.AbstractTransferListenerAdapter - Downloaded https://repo.spring.io/milestone/org/springframework/spring-aop/5.2.12.RELEASE/spring-aop-5.2.12.RELEASE-sources.jar
2020-12-26 17:43:57,531 [Worker-22: Download sources and javadoc] INFO  o.e.m.c.i.e.AbstractTransferListenerAdapter - Downloaded https://repo.spring.io/snapshot/org/springframework/spring-aop/5.2.12.RELEASE/spring-aop-5.2.12.RELEASE-sources.jar
2020-12-26 17:43:57,657 [Worker-22: Download sources and javadoc] INFO  o.e.m.c.i.e.AbstractTransferListenerAdapter - Downloading https://repo.maven.apache.org/maven2/org/springframework/spring-aop/5.2.12.RELEASE/spring-aop-5.2.12.RELEASE-sources.jar
2020-12-26 17:43:57,812 [Worker-22: Download sources and javadoc] INFO  o.e.m.c.i.e.AbstractTransferListenerAdapter - Downloaded https://repo.maven.apache.org/maven2/org/springframework/spring-aop/5.2.12.RELEASE/spring-aop-5.2.12.RELEASE-sources.jar
2020-12-26 17:43:57,946 [Worker-22: Download sources and javadoc] INFO  o.e.m.j.internal.DownloadSourcesJob - Downloaded sources for org.springframework:spring-aop:5.2.12.RELEASE
2020-12-26 17:43:58,224 [Worker-22: Download sources and javadoc] INFO  o.e.m.c.i.e.AbstractTransferListenerAdapter - Downloaded https://repo.spring.io/milestone/org/springframework/spring-beans/5.2.12.RELEASE/spring-beans-5.2.12.RELEASE-sources.jar
2020-12-26 17:43:58,433 [Worker-22: Download sources and javadoc] INFO  o.e.m.c.i.e.AbstractTransferListenerAdapter - Downloaded https://repo.spring.io/snapshot/org/springframework/spring-beans/5.2.12.RELEASE/spring-beans-5.2.12.RELEASE-sources.jar
2020-12-26 17:43:58,609 [Worker-22: Download sources and javadoc] INFO  o.e.m.c.i.e.AbstractTransferListenerAdapter - Downloading https://repo.maven.apache.org/maven2/org/springframework/spring-beans/5.2.12.RELEASE/spring-beans-5.2.12.RELEASE-sources.jar
2020-12-26 17:43:58,820 [Worker-22: Download sources and javadoc] INFO  o.e.m.c.i.e.AbstractTransferListenerAdapter - Downloaded https://repo.maven.apache.org/maven2/org/springframework/spring-beans/5.2.12.RELEASE/spring-beans-5.2.12.RELEASE-sources.jar
2020-12-26 17:43:58,947 [Worker-22: Download sources and javadoc] INFO  o.e.m.j.internal.DownloadSourcesJob - Downloaded sources for org.springframework:spring-beans:5.2.12.RELEASE
2020-12-26 17:43:59,359 [Worker-22: Download sources and javadoc] INFO  o.e.m.c.i.e.AbstractTransferListenerAdapter - Downloaded https://repo.spring.io/milestone/org/springframework/spring-expression/5.2.12.RELEASE/spring-expression-5.2.12.RELEASE-sources.jar
2020-12-26 17:43:59,540 [Worker-22: Download sources and javadoc] INFO  o.e.m.c.i.e.AbstractTransferListenerAdapter - Downloaded https://repo.spring.io/snapshot/org/springframework/spring-expression/5.2.12.RELEASE/spring-expression-5.2.12.RELEASE-sources.jar
2020-12-26 17:43:59,692 [Worker-22: Download sources and javadoc] INFO  o.e.m.c.i.e.AbstractTransferListenerAdapter - Downloading https://repo.maven.apache.org/maven2/org/springframework/spring-expression/5.2.12.RELEASE/spring-expression-5.2.12.RELEASE-sources.jar
2020-12-26 17:43:59,797 [Worker-22: Download sources and javadoc] INFO  o.e.m.c.i.e.AbstractTransferListenerAdapter - Downloaded https://repo.maven.apache.org/maven2/org/springframework/spring-expression/5.2.12.RELEASE/spring-expression-5.2.12.RELEASE-sources.jar
2020-12-26 17:43:59,961 [Worker-22: Download sources and javadoc] INFO  o.e.m.j.internal.DownloadSourcesJob - Downloaded sources for org.springframework:spring-expression:5.2.12.RELEASE
2020-12-26 17:44:00,181 [Worker-22: Download sources and javadoc] INFO  o.e.m.c.i.e.AbstractTransferListenerAdapter - Downloading https://repo.spring.io/snapshot/org/springframework/boot/spring-boot-autoconfigure/2.3.8.BUILD-SNAPSHOT/spring-boot-autoconfigure-2.3.8.BUILD-20201223.101457-22-sources.jar
2020-12-26 17:44:00,726 [Worker-22: Download sources and javadoc] INFO  o.e.m.c.i.e.AbstractTransferListenerAdapter - Downloaded https://repo.spring.io/snapshot/org/springframework/boot/spring-boot-autoconfigure/2.3.8.BUILD-SNAPSHOT/spring-boot-autoconfigure-2.3.8.BUILD-20201223.101457-22-sources.jar
2020-12-26 17:44:00,884 [Worker-22: Download sources and javadoc] INFO  o.e.m.j.internal.DownloadSourcesJob - Downloaded sources for org.springframework.boot:spring-boot-autoconfigure:2.3.8.BUILD-SNAPSHOT
2020-12-26 17:44:01,116 [Worker-22: Download sources and javadoc] INFO  o.e.m.c.i.e.AbstractTransferListenerAdapter - Downloading https://repo.spring.io/snapshot/org/springframework/boot/spring-boot-starter-logging/2.3.8.BUILD-SNAPSHOT/spring-boot-starter-logging-2.3.8.BUILD-20201223.152002-23-sources.jar
2020-12-26 17:44:01,263 [Worker-22: Download sources and javadoc] INFO  o.e.m.c.i.e.AbstractTransferListenerAdapter - Downloaded https://repo.spring.io/snapshot/org/springframework/boot/spring-boot-starter-logging/2.3.8.BUILD-SNAPSHOT/spring-boot-starter-logging-2.3.8.BUILD-20201223.152002-23-sources.jar
2020-12-26 17:44:01,412 [Worker-22: Download sources and javadoc] INFO  o.e.m.j.internal.DownloadSourcesJob - Downloaded sources for org.springframework.boot:spring-boot-starter-logging:2.3.8.BUILD-SNAPSHOT
2020-12-26 17:44:01,591 [Worker-22: Download sources and javadoc] INFO  o.e.m.c.i.e.AbstractTransferListenerAdapter - Downloaded https://repo.spring.io/milestone/org/springframework/spring-core/5.2.12.RELEASE/spring-core-5.2.12.RELEASE-sources.jar
2020-12-26 17:44:01,777 [Worker-22: Download sources and javadoc] INFO  o.e.m.c.i.e.AbstractTransferListenerAdapter - Downloaded https://repo.spring.io/snapshot/org/springframework/spring-core/5.2.12.RELEASE/spring-core-5.2.12.RELEASE-sources.jar
2020-12-26 17:44:01,916 [Worker-22: Download sources and javadoc] INFO  o.e.m.c.i.e.AbstractTransferListenerAdapter - Downloading https://repo.maven.apache.org/maven2/org/springframework/spring-core/5.2.12.RELEASE/spring-core-5.2.12.RELEASE-sources.jar
2020-12-26 17:44:02,196 [Worker-22: Download sources and javadoc] INFO  o.e.m.c.i.e.AbstractTransferListenerAdapter - Downloaded https://repo.maven.apache.org/maven2/org/springframework/spring-core/5.2.12.RELEASE/spring-core-5.2.12.RELEASE-sources.jar
2020-12-26 17:44:02,347 [Worker-22: Download sources and javadoc] INFO  o.e.m.j.internal.DownloadSourcesJob - Downloaded sources for org.springframework:spring-core:5.2.12.RELEASE
2020-12-26 17:44:02,676 [Worker-22: Download sources and javadoc] INFO  o.e.m.c.i.e.AbstractTransferListenerAdapter - Downloaded https://repo.spring.io/milestone/org/springframework/spring-jcl/5.2.12.RELEASE/spring-jcl-5.2.12.RELEASE-sources.jar
2020-12-26 17:44:02,897 [Worker-22: Download sources and javadoc] INFO  o.e.m.c.i.e.AbstractTransferListenerAdapter - Downloaded https://repo.spring.io/snapshot/org/springframework/spring-jcl/5.2.12.RELEASE/spring-jcl-5.2.12.RELEASE-sources.jar
2020-12-26 17:44:03,022 [Worker-22: Download sources and javadoc] INFO  o.e.m.c.i.e.AbstractTransferListenerAdapter - Downloading https://repo.maven.apache.org/maven2/org/springframework/spring-jcl/5.2.12.RELEASE/spring-jcl-5.2.12.RELEASE-sources.jar
2020-12-26 17:44:03,125 [Worker-22: Download sources and javadoc] INFO  o.e.m.c.i.e.AbstractTransferListenerAdapter - Downloaded https://repo.maven.apache.org/maven2/org/springframework/spring-jcl/5.2.12.RELEASE/spring-jcl-5.2.12.RELEASE-sources.jar
2020-12-26 17:44:03,329 [Worker-22: Download sources and javadoc] INFO  o.e.m.j.internal.DownloadSourcesJob - Downloaded sources for org.springframework:spring-jcl:5.2.12.RELEASE
2020-12-26 17:44:03,516 [Worker-22: Download sources and javadoc] INFO  o.e.m.c.i.e.AbstractTransferListenerAdapter - Downloading https://repo.spring.io/snapshot/org/springframework/boot/spring-boot-starter-test/2.3.8.BUILD-SNAPSHOT/spring-boot-starter-test-2.3.8.BUILD-20201223.152002-23-sources.jar
2020-12-26 17:44:03,657 [Worker-22: Download sources and javadoc] INFO  o.e.m.c.i.e.AbstractTransferListenerAdapter - Downloaded https://repo.spring.io/snapshot/org/springframework/boot/spring-boot-starter-test/2.3.8.BUILD-SNAPSHOT/spring-boot-starter-test-2.3.8.BUILD-20201223.152002-23-sources.jar
2020-12-26 17:44:03,878 [Worker-22: Download sources and javadoc] INFO  o.e.m.j.internal.DownloadSourcesJob - Downloaded sources for org.springframework.boot:spring-boot-starter-test:2.3.8.BUILD-SNAPSHOT
2020-12-26 17:44:04,055 [Worker-22: Download sources and javadoc] INFO  o.e.m.c.i.e.AbstractTransferListenerAdapter - Downloading https://repo.spring.io/snapshot/org/springframework/boot/spring-boot-test/2.3.8.BUILD-SNAPSHOT/spring-boot-test-2.3.8.BUILD-20201223.101457-22-sources.jar
2020-12-26 17:44:04,333 [Worker-22: Download sources and javadoc] INFO  o.e.m.c.i.e.AbstractTransferListenerAdapter - Downloaded https://repo.spring.io/snapshot/org/springframework/boot/spring-boot-test/2.3.8.BUILD-SNAPSHOT/spring-boot-test-2.3.8.BUILD-20201223.101457-22-sources.jar
2020-12-26 17:44:04,494 [Worker-22: Download sources and javadoc] INFO  o.e.m.j.internal.DownloadSourcesJob - Downloaded sources for org.springframework.boot:spring-boot-test:2.3.8.BUILD-SNAPSHOT
2020-12-26 17:44:04,672 [Worker-22: Download sources and javadoc] INFO  o.e.m.c.i.e.AbstractTransferListenerAdapter - Downloading https://repo.spring.io/snapshot/org/springframework/boot/spring-boot-test-autoconfigure/2.3.8.BUILD-SNAPSHOT/spring-boot-test-autoconfigure-2.3.8.BUILD-20201223.101457-22-sources.jar
2020-12-26 17:44:05,050 [Worker-22: Download sources and javadoc] INFO  o.e.m.c.i.e.AbstractTransferListenerAdapter - Downloaded https://repo.spring.io/snapshot/org/springframework/boot/spring-boot-test-autoconfigure/2.3.8.BUILD-SNAPSHOT/spring-boot-test-autoconfigure-2.3.8.BUILD-20201223.101457-22-sources.jar
2020-12-26 17:44:05,208 [Worker-22: Download sources and javadoc] INFO  o.e.m.j.internal.DownloadSourcesJob - Downloaded sources for org.springframework.boot:spring-boot-test-autoconfigure:2.3.8.BUILD-SNAPSHOT
2020-12-26 17:44:05,420 [Worker-22: Download sources and javadoc] INFO  o.e.m.c.i.e.AbstractTransferListenerAdapter - Downloaded https://repo.spring.io/milestone/org/springframework/spring-test/5.2.12.RELEASE/spring-test-5.2.12.RELEASE-sources.jar
2020-12-26 17:44:05,599 [Worker-22: Download sources and javadoc] INFO  o.e.m.c.i.e.AbstractTransferListenerAdapter - Downloaded https://repo.spring.io/snapshot/org/springframework/spring-test/5.2.12.RELEASE/spring-test-5.2.12.RELEASE-sources.jar
2020-12-26 17:44:05,727 [Worker-22: Download sources and javadoc] INFO  o.e.m.c.i.e.AbstractTransferListenerAdapter - Downloading https://repo.maven.apache.org/maven2/org/springframework/spring-test/5.2.12.RELEASE/spring-test-5.2.12.RELEASE-sources.jar
2020-12-26 17:44:05,907 [Worker-22: Download sources and javadoc] INFO  o.e.m.c.i.e.AbstractTransferListenerAdapter - Downloaded https://repo.maven.apache.org/maven2/org/springframework/spring-test/5.2.12.RELEASE/spring-test-5.2.12.RELEASE-sources.jar
2020-12-26 17:44:06,035 [Worker-22: Download sources and javadoc] INFO  o.e.m.j.internal.DownloadSourcesJob - Downloaded sources for org.springframework:spring-test:5.2.12.RELEASE
2020-12-26 17:44:06,043 [Worker-22: Download sources and javadoc] INFO  o.e.m.j.internal.DownloadSourcesJob - Downloaded sources for org.springframework:spring-context:5.2.12.RELEASE
2020-12-26 17:44:06,050 [Worker-22: Download sources and javadoc] INFO  o.e.m.j.internal.DownloadSourcesJob - Downloaded sources for org.springframework:spring-aop:5.2.12.RELEASE
2020-12-26 17:44:06,058 [Worker-22: Download sources and javadoc] INFO  o.e.m.j.internal.DownloadSourcesJob - Downloaded sources for org.springframework:spring-beans:5.2.12.RELEASE
2020-12-26 17:44:06,065 [Worker-22: Download sources and javadoc] INFO  o.e.m.j.internal.DownloadSourcesJob - Downloaded sources for org.springframework:spring-expression:5.2.12.RELEASE
2020-12-26 17:44:06,075 [Worker-22: Download sources and javadoc] INFO  o.e.m.j.internal.DownloadSourcesJob - Downloaded sources for org.springframework.boot:spring-boot-autoconfigure:2.3.8.BUILD-SNAPSHOT
2020-12-26 17:44:06,083 [Worker-22: Download sources and javadoc] INFO  o.e.m.j.internal.DownloadSourcesJob - Downloaded sources for org.springframework.boot:spring-boot-starter-logging:2.3.8.BUILD-SNAPSHOT
2020-12-26 17:44:06,091 [Worker-22: Download sources and javadoc] INFO  o.e.m.j.internal.DownloadSourcesJob - Downloaded sources for org.springframework:spring-core:5.2.12.RELEASE
2020-12-26 17:44:06,099 [Worker-22: Download sources and javadoc] INFO  o.e.m.j.internal.DownloadSourcesJob - Downloaded sources for org.springframework:spring-jcl:5.2.12.RELEASE
2020-12-26 17:44:06,108 [Worker-22: Download sources and javadoc] INFO  o.e.m.j.internal.DownloadSourcesJob - Downloaded sources for org.springframework.boot:spring-boot-starter-test:2.3.8.BUILD-SNAPSHOT
2020-12-26 17:44:06,117 [Worker-22: Download sources and javadoc] INFO  o.e.m.j.internal.DownloadSourcesJob - Downloaded sources for org.springframework.boot:spring-boot-test:2.3.8.BUILD-SNAPSHOT
2020-12-26 17:44:06,126 [Worker-22: Download sources and javadoc] INFO  o.e.m.j.internal.DownloadSourcesJob - Downloaded sources for org.springframework.boot:spring-boot-test-autoconfigure:2.3.8.BUILD-SNAPSHOT
2020-12-26 17:44:06,133 [Worker-22: Download sources and javadoc] INFO  o.e.m.j.internal.DownloadSourcesJob - Downloaded sources for org.springframework:spring-test:5.2.12.RELEASE
2020-12-26 17:44:06,383 [Worker-18: Building] INFO  o.e.m.c.i.embedder.EclipseLogger - Using 'UTF-8' encoding to copy filtered resources.
2020-12-26 17:44:06,384 [Worker-18: Building] INFO  o.e.m.c.i.embedder.EclipseLogger - Copying 0 resource
2020-12-26 17:44:06,384 [Worker-18: Building] INFO  o.e.m.c.i.embedder.EclipseLogger - Copying 0 resource
2020-12-26 17:44:06,385 [Worker-18: Building] INFO  o.e.m.c.i.embedder.EclipseLogger - Using 'UTF-8' encoding to copy filtered resources.
2020-12-26 17:44:06,386 [Worker-18: Building] INFO  o.e.m.c.i.embedder.EclipseLogger - skip non existing resourceDirectory C:\Users\Jérémie\Downloads\PlotRadar\src\test\resources
